This is pdfTeX, Version 3.1415926-1.40.11 (MiKTeX 2.9) (preloaded format=pdflatex 2012.5.21)  9 SEP 2012 15:44
entering extended mode
**note.tex
("D:\Documents\学校\作业\毕业设计\Matrix Factor\note.tex"
LaTeX2e <2009/09/24>
Babel <v3.8l> and hyphenation patterns for loaded.
(D:\Programs\CTEX\MiKTeX\tex\latex\base\article.cls
Document Class: article 2007/10/19 v1.4h Standard LaTeX document class
(D:\Programs\CTEX\MiKTeX\tex\latex\base\size12.clo
File: size12.clo 2007/10/19 v1.4h Standard LaTeX file (size option)
)
\c@part=\count79
\c@section=\count80
\c@subsection=\count81
\c@subsubsection=\count82
\c@paragraph=\count83
\c@subparagraph=\count84
\c@figure=\count85
\c@table=\count86
\abovecaptionskip=\skip41
\belowcaptionskip=\skip42
\bibindent=\dimen102
)
(D:\Programs\CTEX\MiKTeX\tex\latex\cjk\CJK.sty
Package: CJK 2008/12/29 4.8.2

(D:\Programs\CTEX\MiKTeX\tex\latex\cjk\mule\MULEenc.sty
Package: MULEenc 2008/12/29 4.8.2
)
(D:\Programs\CTEX\MiKTeX\tex\latex\cjk\CJK.enc
File: CJK.enc 2008/12/29 4.8.2
)
LaTeX Info: Redefining \selectfont on input line 756.
\CJK@indent=\box26
)
(D:\Programs\CTEX\MiKTeX\tex\latex\graphics\graphicx.sty
Package: graphicx 1999/02/16 v1.0f Enhanced LaTeX Graphics (DPC,SPQR)

(D:\Programs\CTEX\MiKTeX\tex\latex\graphics\keyval.sty
Package: keyval 1999/03/16 v1.13 key=value parser (DPC)
\KV@toks@=\toks14
)
(D:\Programs\CTEX\MiKTeX\tex\latex\graphics\graphics.sty
Package: graphics 2009/02/05 v1.0o Standard LaTeX Graphics (DPC,SPQR)

(D:\Programs\CTEX\MiKTeX\tex\latex\graphics\trig.sty
Package: trig 1999/03/16 v1.09 sin cos tan (DPC)
)
(D:\Programs\CTEX\MiKTeX\tex\latex\00miktex\graphics.cfg
File: graphics.cfg 2007/01/18 v1.5 graphics configuration of teTeX/TeXLive
)
Package graphics Info: Driver file: pdftex.def on input line 91.

(D:\Programs\CTEX\MiKTeX\tex\latex\pdftex-def\pdftex.def
File: pdftex.def 2010/11/26 v0.05c Graphics/color for pdfTeX
\Gread@gobject=\count87
))
\Gin@req@height=\dimen103
\Gin@req@width=\dimen104
)
(D:\Programs\CTEX\UserData\tex\latex\subfigure\subfigure.sty
Package: subfigure 2002/07/30 v2.1.4 subfigure package
\subfigtopskip=\skip43
\subfigcapskip=\skip44
\subfigcaptopadj=\dimen105
\subfigbottomskip=\skip45
\subfigcapmargin=\dimen106
\subfiglabelskip=\skip46
\c@subfigure=\count88
\c@lofdepth=\count89
\c@subtable=\count90
\c@lotdepth=\count91

****************************************
* Local config file subfigure.cfg used *
****************************************
(D:\Programs\CTEX\UserData\tex\latex\subfigure\subfigure.cfg)
\subfig@top=\skip47
\subfig@bottom=\skip48
)
(D:\Programs\CTEX\MiKTeX\tex\latex\amsfonts\amsfonts.sty
Package: amsfonts 2009/06/22 v3.00 Basic AMSFonts support
\@emptytoks=\toks15
\symAMSa=\mathgroup4
\symAMSb=\mathgroup5
LaTeX Font Info:    Overwriting math alphabet `\mathfrak' in version `bold'
(Font)                  U/euf/m/n --> U/euf/b/n on input line 96.
)
(D:\Programs\CTEX\MiKTeX\tex\latex\amsfonts\amssymb.sty
Package: amssymb 2009/06/22 v3.00
)
(D:\Programs\CTEX\MiKTeX\tex\latex\cjk\UTF8\UTF8.bdg
File: UTF8.bdg 2008/12/29 4.8.2
)
(D:\Programs\CTEX\MiKTeX\tex\latex\cjk\UTF8\UTF8.enc
File: UTF8.enc 2008/12/29 4.8.2
)
(D:\Programs\CTEX\MiKTeX\tex\latex\cjk\UTF8\UTF8.chr
File: UTF8.chr 2008/12/29 4.8.2
)
("D:\Documents\学校\作业\毕业设计\Matrix Factor\note.aux")
LaTeX Font Info:    Checking defaults for OML/cmm/m/it on input line 8.
LaTeX Font Info:    ... okay on input line 8.
LaTeX Font Info:    Checking defaults for T1/cmr/m/n on input line 8.
LaTeX Font Info:    ... okay on input line 8.
LaTeX Font Info:    Checking defaults for OT1/cmr/m/n on input line 8.
LaTeX Font Info:    ... okay on input line 8.
LaTeX Font Info:    Checking defaults for OMS/cmsy/m/n on input line 8.
LaTeX Font Info:    ... okay on input line 8.
LaTeX Font Info:    Checking defaults for OMX/cmex/m/n on input line 8.
LaTeX Font Info:    ... okay on input line 8.
LaTeX Font Info:    Checking defaults for U/cmr/m/n on input line 8.
LaTeX Font Info:    ... okay on input line 8.
LaTeX Font Info:    Checking defaults for C00/song/m/n on input line 8.
LaTeX Font Info:    ... okay on input line 8.
LaTeX Font Info:    Checking defaults for C05/song/m/n on input line 8.
LaTeX Font Info:    ... okay on input line 8.
LaTeX Font Info:    Checking defaults for C09/song/m/n on input line 8.
LaTeX Font Info:    ... okay on input line 8.
LaTeX Font Info:    Checking defaults for C10/song/m/n on input line 8.
LaTeX Font Info:    ... okay on input line 8.
LaTeX Font Info:    Checking defaults for C20/song/m/n on input line 8.
LaTeX Font Info:    ... okay on input line 8.
LaTeX Font Info:    Checking defaults for C19/song/m/n on input line 8.
LaTeX Font Info:    ... okay on input line 8.
LaTeX Font Info:    Checking defaults for C40/song/m/n on input line 8.
LaTeX Font Info:    ... okay on input line 8.
LaTeX Font Info:    Checking defaults for C42/song/m/n on input line 8.
LaTeX Font Info:    ... okay on input line 8.
LaTeX Font Info:    Checking defaults for C43/song/m/n on input line 8.
LaTeX Font Info:    ... okay on input line 8.
LaTeX Font Info:    Checking defaults for C50/song/m/n on input line 8.
LaTeX Font Info:    ... okay on input line 8.
LaTeX Font Info:    Checking defaults for C52/song/m/n on input line 8.
LaTeX Font Info:    ... okay on input line 8.
LaTeX Font Info:    Checking defaults for C49/song/m/n on input line 8.
LaTeX Font Info:    ... okay on input line 8.
LaTeX Font Info:    Checking defaults for C60/mj/m/n on input line 8.
LaTeX Font Info:    ... okay on input line 8.
LaTeX Font Info:    Checking defaults for C61/mj/m/n on input line 8.
LaTeX Font Info:    ... okay on input line 8.
LaTeX Font Info:    Checking defaults for C63/mj/m/n on input line 8.
LaTeX Font Info:    ... okay on input line 8.
LaTeX Font Info:    Checking defaults for C64/mj/m/n on input line 8.
LaTeX Font Info:    ... okay on input line 8.
LaTeX Font Info:    Checking defaults for C65/mj/m/n on input line 8.
LaTeX Font Info:    ... okay on input line 8.
LaTeX Font Info:    Checking defaults for C70/song/m/n on input line 8.
LaTeX Font Info:    ... okay on input line 8.
LaTeX Font Info:    Checking defaults for C31/song/m/n on input line 8.
LaTeX Font Info:    ... okay on input line 8.
LaTeX Font Info:    Checking defaults for C32/song/m/n on input line 8.
LaTeX Font Info:    ... okay on input line 8.
LaTeX Font Info:    Checking defaults for C33/song/m/n on input line 8.
LaTeX Font Info:    ... okay on input line 8.
LaTeX Font Info:    Checking defaults for C34/song/m/n on input line 8.
LaTeX Font Info:    ... okay on input line 8.
LaTeX Font Info:    Checking defaults for C35/song/m/n on input line 8.
LaTeX Font Info:    ... okay on input line 8.
LaTeX Font Info:    Checking defaults for C36/song/m/n on input line 8.
LaTeX Font Info:    ... okay on input line 8.
LaTeX Font Info:    Checking defaults for C37/song/m/n on input line 8.
LaTeX Font Info:    ... okay on input line 8.
LaTeX Font Info:    Checking defaults for C80/song/m/n on input line 8.
LaTeX Font Info:    ... okay on input line 8.
LaTeX Font Info:    Checking defaults for C81/song/m/n on input line 8.
LaTeX Font Info:    ... okay on input line 8.
LaTeX Font Info:    Checking defaults for C01/song/m/n on input line 8.
LaTeX Font Info:    ... okay on input line 8.
LaTeX Font Info:    Checking defaults for C11/song/m/n on input line 8.
LaTeX Font Info:    ... okay on input line 8.
LaTeX Font Info:    Checking defaults for C21/song/m/n on input line 8.
LaTeX Font Info:    ... okay on input line 8.
LaTeX Font Info:    Checking defaults for C41/song/m/n on input line 8.
LaTeX Font Info:    ... okay on input line 8.
LaTeX Font Info:    Checking defaults for C62/song/m/n on input line 8.
LaTeX Font Info:    ... okay on input line 8.

(D:\Programs\CTEX\UserData\tex\context\base\supp-pdf.mkii
[Loading MPS to PDF converter (version 2006.09.02).]
\scratchcounter=\count92
\scratchdimen=\dimen107
\scratchbox=\box27
\nofMPsegments=\count93
\nofMParguments=\count94
\everyMPshowfont=\toks16
\MPscratchCnt=\count95
\MPscratchDim=\dimen108
\MPnumerator=\count96
\makeMPintoPDFobject=\count97
\everyMPtoPDFconversion=\toks17
)
LaTeX Font Info:    Try loading font information for C70+song on input line 15.

 (D:\Programs\CTEX\CTeX\tex\latex\CJK\UTF8\c70song.fd
File: c70song.fd 2009/09/23 4.8.2
)
LaTeX Font Info:    Try loading font information for U+msa on input line 15.

(D:\Programs\CTEX\MiKTeX\tex\latex\amsfonts\umsa.fd
File: umsa.fd 2009/06/22 v3.00 AMS symbols A
)
LaTeX Font Info:    Try loading font information for U+msb on input line 15.

(D:\Programs\CTEX\MiKTeX\tex\latex\amsfonts\umsb.fd
File: umsb.fd 2009/06/22 v3.00 AMS symbols B
)
Overfull \hbox (5.57977pt too wide) in paragraph at lines 20--20
[]\OT1/cmr/bx/n/17.28 Towards ob-ser-va-tion-s from t-wo per-spec-tives 
 []

[1

{D:/Programs/CTEX/UserData/pdftex/config/pdftex.map{Unicode.sfd}{UGBK.sfd}}]
LaTeX Font Info:    Try loading font information for OMS+cmr on input line 42.

(D:\Programs\CTEX\MiKTeX\tex\latex\base\omscmr.fd
File: omscmr.fd 1999/05/25 v2.5h Standard LaTeX font definitions
)
LaTeX Font Info:    Font shape `OMS/cmr/m/n' in size <12> not available
(Font)              Font shape `OMS/cmsy/m/n' tried instead on input line 42.
LaTeX Font Info:    Try loading font information for U+euf on input line 44.

(D:\Programs\CTEX\MiKTeX\tex\latex\amsfonts\ueuf.fd
File: ueuf.fd 2009/06/22 v3.00 Euler Fraktur
) [2] [3]
Overfull \hbox (0.70195pt too wide) in paragraph at lines 104--105
 \OT1/cmr/bx/n/12 Least square[] \OT1/cmr/m/n/12 De-note $ = \OML/cmm/m/it/12 
PAQ[] \OMS/cmsy/m/n/12   []\OML/cmm/m/it/12 XY[]$\OT1/cmr/m/n/12 , so we have $
\OML/cmm/m/it/12 L \OT1/cmr/m/n/12 = [][](\OML/cmm/m/it/12 P[]AQ[] \OMS/cmsy/m/
n/12  $
 []

[4] [5] ("D:\Documents\学校\作业\毕业设计\Matrix Factor\note.aux") ) 
Here is how much of TeX's memory you used:
 2481 strings out of 495362
 29163 string characters out of 3183519
 88394 words of memory out of 3000000
 5621 multiletter control sequences out of 15000+200000
 18568 words of font info for 71 fonts, out of 3000000 for 9000
 14 hyphenation exceptions out of 8191
 25i,8n,24p,832b,713s stack positions out of 5000i,500n,10000p,200000b,50000s
<D:/Program
s/CTEX/CTeX/fonts/truetype/chinese/simsun.ttf><D:/Programs/CTEX/CTeX/fonts/true
type/chinese/simsun.ttf><D:/Programs/CTEX/CTeX/fonts/truetype/chinese/simsun.tt
f><D:/Programs/CTEX/CTeX/fonts/truetype/chinese/simsun.ttf><D:/Programs/CTEX/CT
eX/fonts/truetype/chinese/simsun.ttf><D:/Programs/CTEX/CTeX/fonts/truetype/chin
ese/simsun.ttf><D:/Programs/CTEX/CTeX/fonts/truetype/chinese/simsun.ttf><D:/Pro
grams/CTEX/CTeX/fonts/truetype/chinese/simsun.ttf><D:/Programs/CTEX/CTeX/fonts/
truetype/chinese/simsun.ttf><D:/Programs/CTEX/CTeX/fonts/truetype/chinese/simsu
n.ttf><D:/Programs/CTEX/CTeX/fonts/truetype/chinese/simsun.ttf><D:/Programs/CTE
X/MiKTeX/fonts/type1/public/amsfonts/cm/cmbx12.pfb><D:/Programs/CTEX/MiKTeX/fon
ts/type1/public/amsfonts/cm/cmex10.pfb><D:/Programs/CTEX/MiKTeX/fonts/type1/pub
lic/amsfonts/cm/cmmi12.pfb><D:/Programs/CTEX/MiKTeX/fonts/type1/public/amsfonts
/cm/cmmi6.pfb><D:/Programs/CTEX/MiKTeX/fonts/type1/public/amsfonts/cm/cmmi8.pfb
><D:/Programs/CTEX/MiKTeX/fonts/type1/public/amsfonts/cm/cmr12.pfb><D:/Programs
/CTEX/MiKTeX/fonts/type1/public/amsfonts/cm/cmr8.pfb><D:/Programs/CTEX/MiKTeX/f
onts/type1/public/amsfonts/cm/cmsy10.pfb><D:/Programs/CTEX/MiKTeX/fonts/type1/p
ublic/amsfonts/cm/cmsy6.pfb><D:/Programs/CTEX/MiKTeX/fonts/type1/public/amsfont
s/cm/cmsy8.pfb><D:/Programs/CTEX/MiKTeX/fonts/type1/public/amsfonts/euler/eufm1
0.pfb><D:/Programs/CTEX/MiKTeX/fonts/type1/public/amsfonts/symbols/msbm10.pfb>
Output written on note.pdf (5 pages, 167233 bytes).
PDF statistics:
 110 PDF objects out of 1000 (max. 8388607)
 0 named destinations out of 1000 (max. 500000)
 1 words of extra memory for PDF output out of 10000 (max. 10000000)

