This is pdfTeX, Version 3.1415926-1.40.11 (MiKTeX 2.9) (preloaded format=pdflatex 2012.5.21)  9 SEP 2012 19:31
entering extended mode
**summary_sept.tex
("D:\Documents\—ß–£\◊˜“µ\±œ“µ…Ëº∆\Matrix Factor\summary_sept.tex"
LaTeX2e <2009/09/24>
Babel <v3.8l> and hyphenation patterns for loaded.
(D:\Programs\CTEX\MiKTeX\tex\latex\base\article.cls
Document Class: article 2007/10/19 v1.4h Standard LaTeX document class
(D:\Programs\CTEX\MiKTeX\tex\latex\base\size12.clo
File: size12.clo 2007/10/19 v1.4h Standard LaTeX file (size option)
)
\c@part=\count79
\c@section=\count80
\c@subsection=\count81
\c@subsubsection=\count82
\c@paragraph=\count83
\c@subparagraph=\count84
\c@figure=\count85
\c@table=\count86
\abovecaptionskip=\skip41
\belowcaptionskip=\skip42
\bibindent=\dimen102
)
(D:\Programs\CTEX\MiKTeX\tex\latex\cjk\CJK.sty
Package: CJK 2008/12/29 4.8.2

(D:\Programs\CTEX\MiKTeX\tex\latex\cjk\mule\MULEenc.sty
Package: MULEenc 2008/12/29 4.8.2
)
(D:\Programs\CTEX\MiKTeX\tex\latex\cjk\CJK.enc
File: CJK.enc 2008/12/29 4.8.2
)
LaTeX Info: Redefining \selectfont on input line 756.
\CJK@indent=\box26
)
(D:\Programs\CTEX\CTeX\tex\latex\CJKpunct\CJKpunct.sty
Package: CJKpunct 2010/02/21 4.8.2-2
\CJKpunct@cnta=\count87
\CJKpunct@cntb=\count88
\CJKpunct@cntc=\count89
\CJKpunct@cntd=\count90
\CJKpunct@cnte=\count91

(D:\Programs\CTEX\CTeX\tex\latex\CJKpunct\CJKpunct.spa))
(D:\Programs\CTEX\MiKTeX\tex\latex\graphics\graphicx.sty
Package: graphicx 1999/02/16 v1.0f Enhanced LaTeX Graphics (DPC,SPQR)

(D:\Programs\CTEX\MiKTeX\tex\latex\graphics\keyval.sty
Package: keyval 1999/03/16 v1.13 key=value parser (DPC)
\KV@toks@=\toks14
)
(D:\Programs\CTEX\MiKTeX\tex\latex\graphics\graphics.sty
Package: graphics 2009/02/05 v1.0o Standard LaTeX Graphics (DPC,SPQR)

(D:\Programs\CTEX\MiKTeX\tex\latex\graphics\trig.sty
Package: trig 1999/03/16 v1.09 sin cos tan (DPC)
)
(D:\Programs\CTEX\MiKTeX\tex\latex\00miktex\graphics.cfg
File: graphics.cfg 2007/01/18 v1.5 graphics configuration of teTeX/TeXLive
)
Package graphics Info: Driver file: pdftex.def on input line 91.

(D:\Programs\CTEX\MiKTeX\tex\latex\pdftex-def\pdftex.def
File: pdftex.def 2010/11/26 v0.05c Graphics/color for pdfTeX
\Gread@gobject=\count92
))
\Gin@req@height=\dimen103
\Gin@req@width=\dimen104
)
(D:\Programs\CTEX\MiKTeX\tex\latex\tools\multicol.sty
Package: multicol 2008/12/05 v1.6h multicolumn formatting (FMi)
\c@tracingmulticols=\count93
\mult@box=\box27
\multicol@leftmargin=\dimen105
\c@unbalance=\count94
\c@collectmore=\count95
\doublecol@number=\count96
\multicoltolerance=\count97
\multicolpretolerance=\count98
\full@width=\dimen106
\page@free=\dimen107
\premulticols=\dimen108
\postmulticols=\dimen109
\multicolsep=\skip43
\multicolbaselineskip=\skip44
\partial@page=\box28
\last@line=\box29
\mult@rightbox=\box30
\mult@grightbox=\box31
\mult@gfirstbox=\box32
\mult@firstbox=\box33
\@tempa=\box34
\@tempa=\box35
\@tempa=\box36
\@tempa=\box37
\@tempa=\box38
\@tempa=\box39
\@tempa=\box40
\@tempa=\box41
\@tempa=\box42
\@tempa=\box43
\@tempa=\box44
\@tempa=\box45
\@tempa=\box46
\@tempa=\box47
\@tempa=\box48
\@tempa=\box49
\@tempa=\box50
\c@columnbadness=\count99
\c@finalcolumnbadness=\count100
\last@try=\dimen110
\multicolovershoot=\dimen111
\multicolundershoot=\dimen112
\mult@nat@firstbox=\box51
\colbreak@box=\box52
)
(D:\Programs\CTEX\UserData\tex\latex\subfigure\subfigure.sty
Package: subfigure 2002/07/30 v2.1.4 subfigure package
\subfigtopskip=\skip45
\subfigcapskip=\skip46
\subfigcaptopadj=\dimen113
\subfigbottomskip=\skip47
\subfigcapmargin=\dimen114
\subfiglabelskip=\skip48
\c@subfigure=\count101
\c@lofdepth=\count102
\c@subtable=\count103
\c@lotdepth=\count104

****************************************
* Local config file subfigure.cfg used *
****************************************
(D:\Programs\CTEX\UserData\tex\latex\subfigure\subfigure.cfg)
\subfig@top=\skip49
\subfig@bottom=\skip50
)
(D:\Programs\CTEX\UserData\tex\latex\listings\listings.sty
\lst@mode=\count105
\lst@gtempboxa=\box53
\lst@token=\toks15
\lst@length=\count106
\lst@currlwidth=\dimen115
\lst@column=\count107
\lst@pos=\count108
\lst@lostspace=\dimen116
\lst@width=\dimen117
\lst@newlines=\count109
\lst@lineno=\count110
\lst@maxwidth=\dimen118

(D:\Programs\CTEX\UserData\tex\latex\listings\lstmisc.sty
File: lstmisc.sty 2007/02/22 1.4 (Carsten Heinz)
\c@lstnumber=\count111
\lst@skipnumbers=\count112
\lst@framebox=\box54
)
(D:\Programs\CTEX\UserData\tex\latex\listings\listings.cfg
File: listings.cfg 2007/02/22 1.4 listings configuration
))
Package: listings 2007/02/22 1.4 (Carsten Heinz)

(D:\Programs\CTEX\UserData\tex\latex\listings\lstlang1.sty
File: lstlang1.sty 2004/09/05 1.3 listings language file
)
(D:\Programs\CTEX\UserData\tex\latex\listings\lstlang1.sty
File: lstlang1.sty 2004/09/05 1.3 listings language file
)
(D:\Programs\CTEX\UserData\tex\latex\listings\lstmisc.sty
File: lstmisc.sty 2007/02/22 1.4 (Carsten Heinz)
)
(D:\Programs\CTEX\MiKTeX\tex\latex\tools\indentfirst.sty
Package: indentfirst 1995/11/23 v1.03 Indent first paragraph (DPC)
)
(D:\Programs\CTEX\MiKTeX\tex\latex\amsfonts\amsfonts.sty
Package: amsfonts 2009/06/22 v3.00 Basic AMSFonts support
\@emptytoks=\toks16
\symAMSa=\mathgroup4
\symAMSb=\mathgroup5
LaTeX Font Info:    Overwriting math alphabet `\mathfrak' in version `bold'
(Font)                  U/euf/m/n --> U/euf/b/n on input line 96.
)
(D:\Programs\CTEX\MiKTeX\tex\latex\amsfonts\amssymb.sty
Package: amssymb 2009/06/22 v3.00
)
(D:\Programs\CTEX\UserData\tex\latex\natbib\natbib.sty
Package: natbib 2010/09/13 8.31b (PWD, AO)
\bibhang=\skip51
\bibsep=\skip52
LaTeX Info: Redefining \cite on input line 694.
\c@NAT@ctr=\count113
)
(D:\Programs\CTEX\UserData\tex\latex\pgf\frontendlayer\tikz.sty
(D:\Programs\CTEX\UserData\tex\latex\pgf\basiclayer\pgf.sty
(D:\Programs\CTEX\UserData\tex\latex\pgf\utilities\pgfrcs.sty
(D:\Programs\CTEX\UserData\tex\generic\pgf\utilities\pgfutil-common.tex
\pgfutil@everybye=\toks17
)
(D:\Programs\CTEX\UserData\tex\generic\pgf\utilities\pgfutil-latex.def
\pgfutil@abb=\box55

(D:\Programs\CTEX\UserData\tex\latex\ms\everyshi.sty
Package: everyshi 2001/05/15 v3.00 EveryShipout Package (MS)
))
(D:\Programs\CTEX\UserData\tex\generic\pgf\utilities\pgfrcs.code.tex
Package: pgfrcs 2010/10/25 v2.10 (rcs-revision 1.24)
))
Package: pgf 2008/01/15 v2.10 (rcs-revision 1.12)

(D:\Programs\CTEX\UserData\tex\latex\pgf\basiclayer\pgfcore.sty
(D:\Programs\CTEX\UserData\tex\latex\pgf\systemlayer\pgfsys.sty
(D:\Programs\CTEX\UserData\tex\generic\pgf\systemlayer\pgfsys.code.tex
Package: pgfsys 2010/06/30 v2.10 (rcs-revision 1.37)

(D:\Programs\CTEX\UserData\tex\generic\pgf\utilities\pgfkeys.code.tex
\pgfkeys@pathtoks=\toks18
\pgfkeys@temptoks=\toks19

(D:\Programs\CTEX\UserData\tex\generic\pgf\utilities\pgfkeysfiltered.code.tex
\pgfkeys@tmptoks=\toks20
))
\pgf@x=\dimen119
\pgf@y=\dimen120
\pgf@xa=\dimen121
\pgf@ya=\dimen122
\pgf@xb=\dimen123
\pgf@yb=\dimen124
\pgf@xc=\dimen125
\pgf@yc=\dimen126
\w@pgf@writea=\write3
\r@pgf@reada=\read1
\c@pgf@counta=\count114
\c@pgf@countb=\count115
\c@pgf@countc=\count116
\c@pgf@countd=\count117
(D:\Programs\CTEX\UserData\tex\generic\pgf\systemlayer\pgf.cfg
File: pgf.cfg 2008/05/14  (rcs-revision 1.7)
)
Package pgfsys Info: Driver file for pgf: pgfsys-pdftex.def on input line 900.

(D:\Programs\CTEX\UserData\tex\generic\pgf\systemlayer\pgfsys-pdftex.def
File: pgfsys-pdftex.def 2009/05/22  (rcs-revision 1.26)

(D:\Programs\CTEX\UserData\tex\generic\pgf\systemlayer\pgfsys-common-pdf.def
File: pgfsys-common-pdf.def 2008/05/19  (rcs-revision 1.10)
))) (D:\Programs\CTEX\UserData\tex\generic\pgf\systemlayer\pgfsyssoftpath.code.
tex
File: pgfsyssoftpath.code.tex 2008/07/18  (rcs-revision 1.7)
\pgfsyssoftpath@smallbuffer@items=\count118
\pgfsyssoftpath@bigbuffer@items=\count119
)
(D:\Programs\CTEX\UserData\tex\generic\pgf\systemlayer\pgfsysprotocol.code.tex
File: pgfsysprotocol.code.tex 2006/10/16  (rcs-revision 1.4)
)) (D:\Programs\CTEX\UserData\tex\latex\xcolor\xcolor.sty
Package: xcolor 2007/01/21 v2.11 LaTeX color extensions (UK)

(D:\Programs\CTEX\MiKTeX\tex\latex\00miktex\color.cfg
File: color.cfg 2007/01/18 v1.5 color configuration of teTeX/TeXLive
)
Package xcolor Info: Driver file: pdftex.def on input line 225.
Package xcolor Info: Model `cmy' substituted by `cmy0' on input line 1337.
Package xcolor Info: Model `hsb' substituted by `rgb' on input line 1341.
Package xcolor Info: Model `RGB' extended on input line 1353.
Package xcolor Info: Model `HTML' substituted by `rgb' on input line 1355.
Package xcolor Info: Model `Hsb' substituted by `hsb' on input line 1356.
Package xcolor Info: Model `tHsb' substituted by `hsb' on input line 1357.
Package xcolor Info: Model `HSB' substituted by `hsb' on input line 1358.
Package xcolor Info: Model `Gray' substituted by `gray' on input line 1359.
Package xcolor Info: Model `wave' substituted by `hsb' on input line 1360.
)
(D:\Programs\CTEX\UserData\tex\generic\pgf\basiclayer\pgfcore.code.tex
Package: pgfcore 2010/04/11 v2.10 (rcs-revision 1.7)

(D:\Programs\CTEX\UserData\tex\generic\pgf\math\pgfmath.code.tex
(D:\Programs\CTEX\UserData\tex\generic\pgf\math\pgfmathcalc.code.tex
(D:\Programs\CTEX\UserData\tex\generic\pgf\math\pgfmathutil.code.tex)
(D:\Programs\CTEX\UserData\tex\generic\pgf\math\pgfmathparser.code.tex
\pgfmath@dimen=\dimen127
\pgfmath@count=\count120
\pgfmath@box=\box56
\pgfmath@toks=\toks21
\pgfmath@stack@operand=\toks22
\pgfmath@stack@operation=\toks23
)
(D:\Programs\CTEX\UserData\tex\generic\pgf\math\pgfmathfunctions.code.tex
(D:\Programs\CTEX\UserData\tex\generic\pgf\math\pgfmathfunctions.basic.code.tex
)
(D:\Programs\CTEX\UserData\tex\generic\pgf\math\pgfmathfunctions.trigonometric.
code.tex)
(D:\Programs\CTEX\UserData\tex\generic\pgf\math\pgfmathfunctions.random.code.te
x)
(D:\Programs\CTEX\UserData\tex\generic\pgf\math\pgfmathfunctions.comparison.cod
e.tex)
(D:\Programs\CTEX\UserData\tex\generic\pgf\math\pgfmathfunctions.base.code.tex)

(D:\Programs\CTEX\UserData\tex\generic\pgf\math\pgfmathfunctions.round.code.tex
)
(D:\Programs\CTEX\UserData\tex\generic\pgf\math\pgfmathfunctions.misc.code.tex)
)) (D:\Programs\CTEX\UserData\tex\generic\pgf\math\pgfmathfloat.code.tex
\c@pgfmathroundto@lastzeros=\count121
))
(D:\Programs\CTEX\UserData\tex\generic\pgf\basiclayer\pgfcorepoints.code.tex
File: pgfcorepoints.code.tex 2010/04/09  (rcs-revision 1.20)
\pgf@picminx=\dimen128
\pgf@picmaxx=\dimen129
\pgf@picminy=\dimen130
\pgf@picmaxy=\dimen131
\pgf@pathminx=\dimen132
\pgf@pathmaxx=\dimen133
\pgf@pathminy=\dimen134
\pgf@pathmaxy=\dimen135
\pgf@xx=\dimen136
\pgf@xy=\dimen137
\pgf@yx=\dimen138
\pgf@yy=\dimen139
\pgf@zx=\dimen140
\pgf@zy=\dimen141
)
(D:\Programs\CTEX\UserData\tex\generic\pgf\basiclayer\pgfcorepathconstruct.code
.tex
File: pgfcorepathconstruct.code.tex 2010/08/03  (rcs-revision 1.24)
\pgf@path@lastx=\dimen142
\pgf@path@lasty=\dimen143
)
(D:\Programs\CTEX\UserData\tex\generic\pgf\basiclayer\pgfcorepathusage.code.tex
File: pgfcorepathusage.code.tex 2008/04/22  (rcs-revision 1.12)
\pgf@shorten@end@additional=\dimen144
\pgf@shorten@start@additional=\dimen145
) (D:\Programs\CTEX\UserData\tex\generic\pgf\basiclayer\pgfcorescopes.code.tex
File: pgfcorescopes.code.tex 2010/09/08  (rcs-revision 1.34)
\pgfpic=\box57
\pgf@hbox=\box58
\pgf@layerbox@main=\box59
\pgf@picture@serial@count=\count122
)
(D:\Programs\CTEX\UserData\tex\generic\pgf\basiclayer\pgfcoregraphicstate.code.
tex
File: pgfcoregraphicstate.code.tex 2008/04/22  (rcs-revision 1.9)
\pgflinewidth=\dimen146
)
(D:\Programs\CTEX\UserData\tex\generic\pgf\basiclayer\pgfcoretransformations.co
de.tex
File: pgfcoretransformations.code.tex 2009/06/10  (rcs-revision 1.11)
\pgf@pt@x=\dimen147
\pgf@pt@y=\dimen148
\pgf@pt@temp=\dimen149
)
(D:\Programs\CTEX\UserData\tex\generic\pgf\basiclayer\pgfcorequick.code.tex
File: pgfcorequick.code.tex 2008/10/09  (rcs-revision 1.3)
)
(D:\Programs\CTEX\UserData\tex\generic\pgf\basiclayer\pgfcoreobjects.code.tex
File: pgfcoreobjects.code.tex 2006/10/11  (rcs-revision 1.2)
)
(D:\Programs\CTEX\UserData\tex\generic\pgf\basiclayer\pgfcorepathprocessing.cod
e.tex
File: pgfcorepathprocessing.code.tex 2008/10/09  (rcs-revision 1.8)
)
(D:\Programs\CTEX\UserData\tex\generic\pgf\basiclayer\pgfcorearrows.code.tex
File: pgfcorearrows.code.tex 2008/04/23  (rcs-revision 1.11)
)
(D:\Programs\CTEX\UserData\tex\generic\pgf\basiclayer\pgfcoreshade.code.tex
File: pgfcoreshade.code.tex 2008/11/23  (rcs-revision 1.13)
\pgf@max=\dimen150
\pgf@sys@shading@range@num=\count123
)
(D:\Programs\CTEX\UserData\tex\generic\pgf\basiclayer\pgfcoreimage.code.tex
File: pgfcoreimage.code.tex 2010/03/25  (rcs-revision 1.16)

(D:\Programs\CTEX\UserData\tex\generic\pgf\basiclayer\pgfcoreexternal.code.tex
File: pgfcoreexternal.code.tex 2010/09/01  (rcs-revision 1.17)
\pgfexternal@startupbox=\box60
)) (D:\Programs\CTEX\UserData\tex\generic\pgf\basiclayer\pgfcorelayers.code.tex
File: pgfcorelayers.code.tex 2010/08/27  (rcs-revision 1.2)
)
(D:\Programs\CTEX\UserData\tex\generic\pgf\basiclayer\pgfcoretransparency.code.
tex
File: pgfcoretransparency.code.tex 2008/01/17  (rcs-revision 1.2)
)
(D:\Programs\CTEX\UserData\tex\generic\pgf\basiclayer\pgfcorepatterns.code.tex
File: pgfcorepatterns.code.tex 2009/07/02  (rcs-revision 1.3)
))) (D:\Programs\CTEX\UserData\tex\generic\pgf\modules\pgfmoduleshapes.code.tex
File: pgfmoduleshapes.code.tex 2010/09/09  (rcs-revision 1.13)
\pgfnodeparttextbox=\box61
) (D:\Programs\CTEX\UserData\tex\generic\pgf\modules\pgfmoduleplot.code.tex
File: pgfmoduleplot.code.tex 2010/10/22  (rcs-revision 1.8)
)
(D:\Programs\CTEX\UserData\tex\latex\pgf\compatibility\pgfcomp-version-0-65.sty
Package: pgfcomp-version-0-65 2007/07/03 v2.10 (rcs-revision 1.7)
\pgf@nodesepstart=\dimen151
\pgf@nodesepend=\dimen152
)
(D:\Programs\CTEX\UserData\tex\latex\pgf\compatibility\pgfcomp-version-1-18.sty
Package: pgfcomp-version-1-18 2007/07/23 v2.10 (rcs-revision 1.1)
)) (D:\Programs\CTEX\UserData\tex\latex\pgf\utilities\pgffor.sty
(D:\Programs\CTEX\UserData\tex\latex\pgf\utilities\pgfkeys.sty
(D:\Programs\CTEX\UserData\tex\generic\pgf\utilities\pgfkeys.code.tex))
(D:\Programs\CTEX\UserData\tex\generic\pgf\utilities\pgffor.code.tex
Package: pgffor 2010/03/23 v2.10 (rcs-revision 1.18)
\pgffor@iter=\dimen153
\pgffor@skip=\dimen154
\pgffor@stack=\toks24
\pgffor@toks=\toks25
))
(D:\Programs\CTEX\UserData\tex\generic\pgf\frontendlayer\tikz\tikz.code.tex
Package: tikz 2010/10/13 v2.10 (rcs-revision 1.76)

(D:\Programs\CTEX\UserData\tex\generic\pgf\libraries\pgflibraryplothandlers.cod
e.tex
File: pgflibraryplothandlers.code.tex 2010/05/31 v2.10 (rcs-revision 1.15)
\pgf@plot@mark@count=\count124
\pgfplotmarksize=\dimen155
)
\tikz@lastx=\dimen156
\tikz@lasty=\dimen157
\tikz@lastxsaved=\dimen158
\tikz@lastysaved=\dimen159
\tikzleveldistance=\dimen160
\tikzsiblingdistance=\dimen161
\tikz@figbox=\box62
\tikz@tempbox=\box63
\tikztreelevel=\count125
\tikznumberofchildren=\count126
\tikznumberofcurrentchild=\count127
\tikz@fig@count=\count128

(D:\Programs\CTEX\UserData\tex\generic\pgf\modules\pgfmodulematrix.code.tex
File: pgfmodulematrix.code.tex 2010/08/24  (rcs-revision 1.4)
\pgfmatrixcurrentrow=\count129
\pgfmatrixcurrentcolumn=\count130
\pgf@matrix@numberofcolumns=\count131
)
\tikz@expandcount=\count132

(D:\Programs\CTEX\UserData\tex\generic\pgf\frontendlayer\tikz\libraries\tikzlib
rarytopaths.code.tex
File: tikzlibrarytopaths.code.tex 2008/06/17 v2.10 (rcs-revision 1.2)
)))
("D:\Documents\—ß–£\◊˜“µ\±œ“µ…Ëº∆\Matrix Factor\summary_sept.aux")
LaTeX Font Info:    Checking defaults for OML/cmm/m/it on input line 20.
LaTeX Font Info:    ... okay on input line 20.
LaTeX Font Info:    Checking defaults for T1/cmr/m/n on input line 20.
LaTeX Font Info:    ... okay on input line 20.
LaTeX Font Info:    Checking defaults for OT1/cmr/m/n on input line 20.
LaTeX Font Info:    ... okay on input line 20.
LaTeX Font Info:    Checking defaults for OMS/cmsy/m/n on input line 20.
LaTeX Font Info:    ... okay on input line 20.
LaTeX Font Info:    Checking defaults for OMX/cmex/m/n on input line 20.
LaTeX Font Info:    ... okay on input line 20.
LaTeX Font Info:    Checking defaults for U/cmr/m/n on input line 20.
LaTeX Font Info:    ... okay on input line 20.
LaTeX Font Info:    Checking defaults for C00/song/m/n on input line 20.
LaTeX Font Info:    ... okay on input line 20.
LaTeX Font Info:    Checking defaults for C05/song/m/n on input line 20.
LaTeX Font Info:    ... okay on input line 20.
LaTeX Font Info:    Checking defaults for C09/song/m/n on input line 20.
LaTeX Font Info:    ... okay on input line 20.
LaTeX Font Info:    Checking defaults for C10/song/m/n on input line 20.
LaTeX Font Info:    ... okay on input line 20.
LaTeX Font Info:    Checking defaults for C20/song/m/n on input line 20.
LaTeX Font Info:    ... okay on input line 20.
LaTeX Font Info:    Checking defaults for C19/song/m/n on input line 20.
LaTeX Font Info:    ... okay on input line 20.
LaTeX Font Info:    Checking defaults for C40/song/m/n on input line 20.
LaTeX Font Info:    ... okay on input line 20.
LaTeX Font Info:    Checking defaults for C42/song/m/n on input line 20.
LaTeX Font Info:    ... okay on input line 20.
LaTeX Font Info:    Checking defaults for C43/song/m/n on input line 20.
LaTeX Font Info:    ... okay on input line 20.
LaTeX Font Info:    Checking defaults for C50/song/m/n on input line 20.
LaTeX Font Info:    ... okay on input line 20.
LaTeX Font Info:    Checking defaults for C52/song/m/n on input line 20.
LaTeX Font Info:    ... okay on input line 20.
LaTeX Font Info:    Checking defaults for C49/song/m/n on input line 20.
LaTeX Font Info:    ... okay on input line 20.
LaTeX Font Info:    Checking defaults for C60/mj/m/n on input line 20.
LaTeX Font Info:    ... okay on input line 20.
LaTeX Font Info:    Checking defaults for C61/mj/m/n on input line 20.
LaTeX Font Info:    ... okay on input line 20.
LaTeX Font Info:    Checking defaults for C63/mj/m/n on input line 20.
LaTeX Font Info:    ... okay on input line 20.
LaTeX Font Info:    Checking defaults for C64/mj/m/n on input line 20.
LaTeX Font Info:    ... okay on input line 20.
LaTeX Font Info:    Checking defaults for C65/mj/m/n on input line 20.
LaTeX Font Info:    ... okay on input line 20.
LaTeX Font Info:    Checking defaults for C70/song/m/n on input line 20.
LaTeX Font Info:    ... okay on input line 20.
LaTeX Font Info:    Checking defaults for C31/song/m/n on input line 20.
LaTeX Font Info:    ... okay on input line 20.
LaTeX Font Info:    Checking defaults for C32/song/m/n on input line 20.
LaTeX Font Info:    ... okay on input line 20.
LaTeX Font Info:    Checking defaults for C33/song/m/n on input line 20.
LaTeX Font Info:    ... okay on input line 20.
LaTeX Font Info:    Checking defaults for C34/song/m/n on input line 20.
LaTeX Font Info:    ... okay on input line 20.
LaTeX Font Info:    Checking defaults for C35/song/m/n on input line 20.
LaTeX Font Info:    ... okay on input line 20.
LaTeX Font Info:    Checking defaults for C36/song/m/n on input line 20.
LaTeX Font Info:    ... okay on input line 20.
LaTeX Font Info:    Checking defaults for C37/song/m/n on input line 20.
LaTeX Font Info:    ... okay on input line 20.
LaTeX Font Info:    Checking defaults for C80/song/m/n on input line 20.
LaTeX Font Info:    ... okay on input line 20.
LaTeX Font Info:    Checking defaults for C81/song/m/n on input line 20.
LaTeX Font Info:    ... okay on input line 20.
LaTeX Font Info:    Checking defaults for C01/song/m/n on input line 20.
LaTeX Font Info:    ... okay on input line 20.
LaTeX Font Info:    Checking defaults for C11/song/m/n on input line 20.
LaTeX Font Info:    ... okay on input line 20.
LaTeX Font Info:    Checking defaults for C21/song/m/n on input line 20.
LaTeX Font Info:    ... okay on input line 20.
LaTeX Font Info:    Checking defaults for C41/song/m/n on input line 20.
LaTeX Font Info:    ... okay on input line 20.
LaTeX Font Info:    Checking defaults for C62/song/m/n on input line 20.
LaTeX Font Info:    ... okay on input line 20.

(D:\Programs\CTEX\UserData\tex\context\base\supp-pdf.mkii
[Loading MPS to PDF converter (version 2006.09.02).]
\scratchcounter=\count133
\scratchdimen=\dimen162
\scratchbox=\box64
\nofMPsegments=\count134
\nofMParguments=\count135
\everyMPshowfont=\toks26
\MPscratchCnt=\count136
\MPscratchDim=\dimen163
\MPnumerator=\count137
\makeMPintoPDFobject=\count138
\everyMPtoPDFconversion=\toks27
)
\c@lstlisting=\count139
 ABD: EveryShipout initializing macros
(D:\Programs\CTEX\MiKTeX\tex\latex\cjk\UTF8\UTF8.bdg
File: UTF8.bdg 2008/12/29 4.8.2
)
(D:\Programs\CTEX\MiKTeX\tex\latex\cjk\UTF8\UTF8.enc
File: UTF8.enc 2008/12/29 4.8.2
)
(D:\Programs\CTEX\MiKTeX\tex\latex\cjk\UTF8\UTF8.chr
File: UTF8.chr 2008/12/29 4.8.2
)
LaTeX Font Info:    Try loading font information for U+msa on input line 27.

(D:\Programs\CTEX\MiKTeX\tex\latex\amsfonts\umsa.fd
File: umsa.fd 2009/06/22 v3.00 AMS symbols A
)
LaTeX Font Info:    Try loading font information for U+msb on input line 27.

(D:\Programs\CTEX\MiKTeX\tex\latex\amsfonts\umsb.fd
File: umsb.fd 2009/06/22 v3.00 AMS symbols B
)
LaTeX Font Info:    Try loading font information for C70+song on input line 27.


(D:\Programs\CTEX\CTeX\tex\latex\CJK\UTF8\c70song.fd
File: c70song.fd 2009/09/23 4.8.2
) [1

{D:/Programs/CTEX/UserData/pdftex/config/pdftex.map{Unicode.sfd}{UGBK.sfd}}] [2
] [3]
Overfull \hbox (0.17923pt too wide) in paragraph at lines 90--91
[]\OT1/cmr/m/n/12 And we may fur-ther im-ply the pos-si-ble $\OML/cmm/m/it/12 Y
$ \OT1/cmr/m/n/12 is that $\OMS/cmsy/m/n/12 f[][] \OML/cmm/m/it/12 p[]\OT1/cmr/
m/n/12 (\OML/cmm/m/it/12 z\OMS/cmsy/m/n/12 j\OML/cmm/m/it/12 X\OT1/cmr/m/n/12 )
\OML/cmm/m/it/12 p[]\OT1/cmr/m/n/12 (\OML/cmm/m/it/12 j\OMS/cmsy/m/n/12 j\OML/c
mm/m/it/12 z\OT1/cmr/m/n/12 )\OMS/cmsy/m/n/12 g[]$\OT1/cmr/m/n/12 .
 []


Overfull \hbox (0.13345pt too wide) in paragraph at lines 101--102
[]| \OT1/cmr/m/n/12 600036 \C70/song/m/n/12/62 € \C70/song/m/n/12/55 F \C70/son
g/m/n/12/94 ˆ \C70/song/m/n/12/88 L\OT1/cmr/m/n/12 Zhaoshang
 []

[4]
Underfull \hbox (badness 10000) in paragraph at lines 104--105
[]| \OT1/cmr/m/n/12 600129 \C70/song/m/n/12/59 * \C70/song/m/n/12/67 Å \C70/son
g/m/n/12/96 ∆ \C70/song/m/n/12/56 ‚\OT1/cmr/m/n/12 Taiji
 []

[5] [6]
Package CJKpunct Info: use punctuation spaces for family 'song' with punctstyle
 (quanjiao) on input line 251.
 [7]
Overfull \hbox (10.85265pt too wide) in paragraph at lines 265--266
 \OT1/cmr/bx/n/12 LDA\C70/song/bx/n/12/6c ’[][][] \C70/song/m/n/12/5b ˘[][] \C7
0/song/m/n/12/90 	 \C70/song/m/n/12/5b ö \C70/song/bx/n/12/76 Ñ \C70/song/bx/n/
12/80 ° \C70/song/m/n/12/4e ˜ \C70/song/m/n/12/72 y \C70/song/m/n/12/5f Å|\C70/
song/m/n/12/ff | \C70/song/m/n/12/8f – \C70/song/bx/n/12/88 L\OT1/cmr/m/n/12 L
DA\C70/song/m/n/12/8f € \C70/song/bx/n/12/88 L \C70/song/bx/n/12/80 Z \C70/song
/bx/n/12/7c {|\C70/song/m/n/12/ff | \C70/song/m/n/12/90 	 \C70/song/m/n/12/53 
÷ \C70/song/m/n/12/67   \C70/song/m/n/12/53 Ô \C70/song/bx/n/12/80 ˝ \C70/song/
m/n/12/5c ^ \C70/song/m/n/12/4e é \C70/song/bx/n/12/76 Ñ\OT1/cmr/m/n/12 topic\C
70/song/m/n/12/4f \
 []

[8] [9] [10] ("D:\Documents\—ß–£\◊˜“µ\±œ“µ…Ëº∆\Matrix Factor\summary_sept.aux")
 ) 
Here is how much of TeX's memory you used:
 13550 strings out of 495362
 242155 string characters out of 3183519
 277786 words of memory out of 3000000
 16401 multiletter control sequences out of 15000+200000
 40132 words of font info for 150 fonts, out of 3000000 for 9000
 14 hyphenation exceptions out of 8191
 56i,7n,58p,895b,440s stack positions out of 5000i,500n,10000p,200000b,50000s
<D:/Programs/CTEX/CTeX/fonts/truetype/chinese/simsun.ttf><D:/Programs/CTEX/CT
eX/fonts/truetype/chinese/simsun.ttf><D:/Programs/CTEX/CTeX/fonts/truetype/chin
ese/simsun.ttf><D:/Programs/CTEX/CTeX/fonts/truetype/chinese/simsun.ttf><D:/Pro
grams/CTEX/CTeX/fonts/truetype/chinese/simsun.ttf><D:/Programs/CTEX/CTeX/fonts/
truetype/chinese/simsun.ttf><D:/Programs/CTEX/CTeX/fonts/truetype/chinese/simsu
n.ttf><D:/Programs/CTEX/CTeX/fonts/truetype/chinese/simsun.ttf><D:/Programs/CTE
X/CTeX/fonts/truetype/chinese/simsun.ttf><D:/Programs/CTEX/CTeX/fonts/truetype/
chinese/simsun.ttf><D:/Programs/CTEX/CTeX/fonts/truetype/chinese/simsun.ttf><D:
/Programs/CTEX/CTeX/fonts/truetype/chinese/simsun.ttf><D:/Programs/CTEX/CTeX/fo
nts/truetype/chinese/simsun.ttf><D:/Programs/CTEX/CTeX/fonts/truetype/chinese/s
imsun.ttf><D:/Programs/CTEX/CTeX/fonts/truetype/chinese/simsun.ttf><D:/Programs
/CTEX/CTeX/fonts/truetype/chinese/simsun.ttf><D:/Programs/CTEX/CTeX/fonts/truet
ype/chinese/simsun.ttf><D:/Programs/CTEX/CTeX/fonts/truetype/chinese/simsun.ttf
><D:/Programs/CTEX/CTeX/fonts/truetype/chinese/simsun.ttf><D:/Programs/CTEX/CTe
X/fonts/truetype/chinese/simsun.ttf><D:/Programs/CTEX/CTeX/fonts/truetype/chine
se/simsun.ttf><D:/Programs/CTEX/CTeX/fonts/truetype/chinese/simsun.ttf><D:/Prog
rams/CTEX/CTeX/fonts/truetype/chinese/simsun.ttf><D:/Programs/CTEX/CTeX/fonts/t
ruetype/chinese/simsun.ttf><D:/Programs/CTEX/CTeX/fonts/truetype/chinese/simsun
.ttf><D:/Programs/CTEX/CTeX/fonts/truetype/chinese/simsun.ttf><D:/Programs/CTEX
/CTeX/fonts/truetype/chinese/simsun.ttf><D:/Programs/CTEX/CTeX/fonts/truetype/c
hinese/simsun.ttf><D:/Programs/CTEX/CTeX/fonts/truetype/chinese/simsun.ttf><D:/
Programs/CTEX/CTeX/fonts/truetype/chinese/simsun.ttf><D:/Programs/CTEX/CTeX/fon
ts/truetype/chinese/simsun.ttf><D:/Programs/CTEX/CTeX/fonts/truetype/chinese/si
msun.ttf><D:/Programs/CTEX/CTeX/fonts/truetype/chinese/simsun.ttf><D:/Programs/
CTEX/CTeX/fonts/truetype/chinese/simsun.ttf><D:/Programs/CTEX/CTeX/fonts/truety
pe/chinese/simsun.ttf><D:/Programs/CTEX/CTeX/fonts/truetype/chinese/simsun.ttf>
<D:/Programs/CTEX/CTeX/fonts/truetype/chinese/simsun.ttf><D:/Programs/CTEX/CTeX
/fonts/truetype/chinese/simsun.ttf><D:/Programs/CTEX/CTeX/fonts/truetype/chines
e/simsun.ttf><D:/Programs/CTEX/CTeX/fonts/truetype/chinese/simsun.ttf><D:/Progr
ams/CTEX/CTeX/fonts/truetype/chinese/simsun.ttf><D:/Programs/CTEX/CTeX/fonts/tr
uetype/chinese/simsun.ttf><D:/Programs/CTEX/CTeX/fonts/truetype/chinese/simsun.
ttf><D:/Programs/CTEX/CTeX/fonts/truetype/chinese/simsun.ttf><D:/Programs/CTEX/
CTeX/fonts/truetype/chinese/simsun.ttf><D:/Programs/CTEX/CTeX/fonts/truetype/ch
inese/simsun.ttf><D:/Programs/CTEX/CTeX/fonts/truetype/chinese/simsun.ttf><D:/P
rograms/CTEX/CTeX/fonts/truetype/chinese/simsun.ttf><D:/Programs/CTEX/CTeX/font
s/truetype/chinese/simsun.ttf><D:/Programs/CTEX/CTeX/fonts/truetype/chinese/sim
sun.ttf><D:/Programs/CTEX/CTeX/fonts/truetype/chinese/simsun.ttf><D:/Programs/C
TEX/CTeX/fonts/truetype/chinese/simsun.ttf><D:/Programs/CTEX/CTeX/fonts/truetyp
e/chinese/simsun.ttf><D:/Programs/CTEX/CTeX/fonts/truetype/chinese/simsun.ttf><
D:/Programs/CTEX/CTeX/fonts/truetype/chinese/simsun.ttf><D:/Programs/CTEX/CTeX/
fonts/truetype/chinese/simsun.ttf><D:/Programs/CTEX/CTeX/fonts/truetype/chinese
/simsun.ttf><D:/Programs/CTEX/CTeX/fonts/truetype/chinese/simsun.ttf><D:/Progra
ms/CTEX/CTeX/fonts/truetype/chinese/simsun.ttf><D:/Programs/CTEX/CTeX/fonts/tru
etype/chinese/simsun.ttf><D:/Programs/CTEX/CTeX/fonts/truetype/chinese/simsun.t
tf><D:/Programs/CTEX/CTeX/fonts/truetype/chinese/simsun.ttf><D:/Programs/CTEX/C
TeX/fonts/truetype/chinese/simsun.ttf><D:/Programs/CTEX/CTeX/fonts/truetype/chi
nese/simsun.ttf><D:/Programs/CTEX/CTeX/fonts/truetype/chinese/simsun.ttf><D:/Pr
ograms/CTEX/CTeX/fonts/truetype/chinese/simsun.ttf><D:/Programs/CTEX/CTeX/fonts
/truetype/chinese/simsun.ttf><D:/Programs/CTEX/CTeX/fonts/truetype/chinese/sims
un.ttf><D:/Programs/CTEX/CTeX/fonts/truetype/chinese/simsun.ttf><D:/Programs/CT
EX/CTeX/fonts/truetype/chinese/simsun.ttf><D:/Programs/CTEX/CTeX/fonts/truetype
/chinese/simsun.ttf><D:/Programs/CTEX/CTeX/fonts/truetype/chinese/simsun.ttf><D
:/Programs/CTEX/CTeX/fonts/truetype/chinese/simsun.ttf><D:/Programs/CTEX/CTeX/f
onts/truetype/chinese/simsun.ttf><D:/Programs/CTEX/CTeX/fonts/truetype/chinese/
simsun.ttf><D:/Programs/CTEX/CTeX/fonts/truetype/chinese/simsun.ttf><D:/Program
s/CTEX/MiKTeX/fonts/type1/public/amsfonts/cm/cmbx12.pfb><D:/Programs/CTEX/MiKTe
X/fonts/type1/public/amsfonts/cm/cmex10.pfb><D:/Programs/CTEX/MiKTeX/fonts/type
1/public/amsfonts/cm/cmmi12.pfb><D:/Programs/CTEX/MiKTeX/fonts/type1/public/ams
fonts/cm/cmmi8.pfb><D:/Programs/CTEX/MiKTeX/fonts/type1/public/amsfonts/cm/cmr1
0.pfb><D:/Programs/CTEX/MiKTeX/fonts/type1/public/amsfonts/cm/cmr12.pfb><D:/Pro
grams/CTEX/MiKTeX/fonts/type1/public/amsfonts/cm/cmr17.pfb><D:/Programs/CTEX/Mi
KTeX/fonts/type1/public/amsfonts/cm/cmr8.pfb><D:/Programs/CTEX/MiKTeX/fonts/typ
e1/public/amsfonts/cm/cmsy10.pfb><D:/Programs/CTEX/MiKTeX/fonts/type1/public/am
sfonts/cm/cmsy8.pfb><D:/Programs/CTEX/MiKTeX/fonts/type1/public/amsfonts/symbol
s/msam10.pfb><D:/Programs/CTEX/MiKTeX/fonts/type1/public/amsfonts/symbols/msbm1
0.pfb>
Output written on summary_sept.pdf (10 pages, 445115 bytes).
PDF statistics:
 390 PDF objects out of 1000 (max. 8388607)
 0 named destinations out of 1000 (max. 500000)
 13 words of extra memory for PDF output out of 10000 (max. 10000000)

